<?xml version="1.0" encoding="UTF-8"?>
<testsuite xmlns:xsi="http://www.w3.org/2001/XMLSchema-instance" xsi:noNamespaceSchemaLocation="https://maven.apache.org/surefire/maven-surefire-plugin/xsd/surefire-test-report-3.0.xsd" version="3.0" name="TestSuite" time="1.24" tests="4" errors="0" skipped="0" failures="0">
  <properties>
    <property name="java.specification.version" value="19"/>
    <property name="sun.cpu.isalist" value="amd64"/>
    <property name="sun.jnu.encoding" value="Cp1252"/>
    <property name="java.class.path" value="E:\Shivani\eclipse-workspace\TestNGProject\target\test-classes;E:\Shivani\eclipse-workspace\TestNGProject\target\classes;C:\Users\Vivek Page\.m2\repository\org\testng\testng\6.14.3\testng-6.14.3.jar;C:\Users\Vivek Page\.m2\repository\com\beust\jcommander\1.72\jcommander-1.72.jar;C:\Users\Vivek Page\.m2\repository\org\apache-extras\beanshell\bsh\2.0b6\bsh-2.0b6.jar;"/>
    <property name="java.vm.vendor" value="Oracle Corporation"/>
    <property name="sun.arch.data.model" value="64"/>
    <property name="user.variant" value=""/>
    <property name="java.vendor.url" value="https://java.oracle.com/"/>
    <property name="user.timezone" value="Asia/Calcutta"/>
    <property name="os.name" value="Windows 10"/>
    <property name="java.vm.specification.version" value="19"/>
    <property name="sun.java.launcher" value="SUN_STANDARD"/>
    <property name="user.country" value="IN"/>
    <property name="sun.boot.library.path" value="C:\Program Files\Java\jdk-19\bin"/>
    <property name="sun.java.command" value="C:\Users\Vivek Page\AppData\Local\Temp\surefire5732029425982353944\surefirebooter12199594429901134699.jar C:\Users\Vivek Page\AppData\Local\Temp\surefire5732029425982353944 2023-04-16T10-23-36_542-jvmRun1 surefire2214327647468545429tmp surefire_0397793066063609522tmp"/>
    <property name="jdk.debug" value="release"/>
    <property name="surefire.test.class.path" value="E:\Shivani\eclipse-workspace\TestNGProject\target\test-classes;E:\Shivani\eclipse-workspace\TestNGProject\target\classes;C:\Users\Vivek Page\.m2\repository\org\testng\testng\6.14.3\testng-6.14.3.jar;C:\Users\Vivek Page\.m2\repository\com\beust\jcommander\1.72\jcommander-1.72.jar;C:\Users\Vivek Page\.m2\repository\org\apache-extras\beanshell\bsh\2.0b6\bsh-2.0b6.jar;"/>
    <property name="sun.cpu.endian" value="little"/>
    <property name="user.home" value="C:\Users\Vivek Page"/>
    <property name="user.language" value="en"/>
    <property name="java.specification.vendor" value="Oracle Corporation"/>
    <property name="java.version.date" value="2023-01-17"/>
    <property name="java.home" value="C:\Program Files\Java\jdk-19"/>
    <property name="file.separator" value="\"/>
    <property name="basedir" value="E:\Shivani\eclipse-workspace\TestNGProject"/>
    <property name="java.vm.compressedOopsMode" value="32-bit"/>
    <property name="line.separator" value="&#10;"/>
    <property name="java.vm.specification.vendor" value="Oracle Corporation"/>
    <property name="java.specification.name" value="Java Platform API Specification"/>
    <property name="surefire.real.class.path" value="C:\Users\Vivek Page\AppData\Local\Temp\surefire5732029425982353944\surefirebooter12199594429901134699.jar"/>
    <property name="user.script" value=""/>
    <property name="sun.management.compiler" value="HotSpot 64-Bit Tiered Compilers"/>
    <property name="java.runtime.version" value="19.0.2+7-44"/>
    <property name="user.name" value="Vivek Page"/>
    <property name="stdout.encoding" value="Cp1252"/>
    <property name="path.separator" value=";"/>
    <property name="os.version" value="10.0"/>
    <property name="java.runtime.name" value="Java(TM) SE Runtime Environment"/>
    <property name="file.encoding" value="UTF-8"/>
    <property name="java.vm.name" value="Java HotSpot(TM) 64-Bit Server VM"/>
    <property name="localRepository" value="C:\Users\Vivek Page\.m2\repository"/>
    <property name="java.vendor.url.bug" value="https://bugreport.java.com/bugreport/"/>
    <property name="java.io.tmpdir" value="C:\Users\VIVEKP~1\AppData\Local\Temp\"/>
    <property name="java.version" value="19.0.2"/>
    <property name="user.dir" value="E:\Shivani\eclipse-workspace\TestNGProject"/>
    <property name="os.arch" value="amd64"/>
    <property name="java.vm.specification.name" value="Java Virtual Machine Specification"/>
    <property name="sun.os.patch.level" value=""/>
    <property name="native.encoding" value="Cp1252"/>
    <property name="java.library.path" value="C:\Program Files\Java\jdk-19\bin;C:\WINDOWS\Sun\Java\bin;C:\WINDOWS\system32;C:\WINDOWS;C:\Program Files\Common Files\Oracle\Java\javapath;C:\WINDOWS\system32;C:\WINDOWS;C:\WINDOWS\System32\Wbem;C:\WINDOWS\System32\WindowsPowerShell\v1.0\;C:\WINDOWS\System32\OpenSSH\;C:\mysql-8.0.32-winx64\bin;C:\Android;C:\Windows\System32;E:\Shivani\Maven\apache-maven-3.9.1\bin;C:\Users\Vivek Page\AppData\Local\Microsoft\WindowsApps;C:\Users\Vivek Page\AppData\Local\Programs\Git\cmd;."/>
    <property name="java.vm.info" value="mixed mode, sharing"/>
    <property name="stderr.encoding" value="Cp1252"/>
    <property name="java.vendor" value="Oracle Corporation"/>
    <property name="java.vm.version" value="19.0.2+7-44"/>
    <property name="sun.io.unicode.encoding" value="UnicodeLittle"/>
    <property name="java.class.version" value="63.0"/>
  </properties>
  <testcase name="test2" classname="Testcases.HomeLoanTestcase" time="0.004">
    <system-out><![CDATA[[TestNGContentHandler] [WARN] It is strongly recommended to add "<!DOCTYPE suite SYSTEM "http://testng.org/testng-1.0.dtd" >" at the top of your file, otherwise TestNG may fail or not work as expected.
Before executing all test cases
Inside Before method
Inside home loan test 2
]]></system-out>
  </testcase>
  <testcase name="test1" classname="Testcases.HomeLoanTestcase" time="0.002">
    <system-out><![CDATA[Inside after method
Inside Before method
Inisde home loan test 1
]]></system-out>
  </testcase>
  <testcase name="test3" classname="Testcases.CarLoanTest" time="0.001">
    <system-out><![CDATA[Inside after method
Inside Before method
Inside Car loan Test 3
]]></system-out>
  </testcase>
  <testcase name="test4" classname="Testcases.CreditCardLoan" time="0.004">
    <system-out><![CDATA[Inside after method
Inside Before method
Inside credit card loan test 4
]]></system-out>
  </testcase>
</testsuite>