<?xml version="1.0" encoding="UTF-8"?>
<!-- Generated by org.testng.reporters.JUnitReportReporter -->
<testsuite hostname="Vivek-Page" failures="0" tests="2" name="Test.HomeLoanTestcase" time="0.030" errors="0" timestamp="15 Apr 2023 06:12:52 GMT" skipped="0">
  <testcase classname="Test.HomeLoanTestcase" name="test1" time="0.015"/>
  <testcase classname="Test.HomeLoanTestcase" name="test2" time="0.015"/>
</testsuite> <!-- Test.HomeLoanTestcase -->
