<?xml version="1.0" encoding="UTF-8"?>
<!-- Generated by org.testng.reporters.JUnitReportReporter -->
<testsuite hostname="Vivek-Page" failures="0" tests="2" name="Testcases.HomeLoanTestcase" time="0.015" errors="0" timestamp="16 Apr 2023 04:34:06 GMT" skipped="0">
  <testcase classname="Testcases.HomeLoanTestcase" name="test1" time="0.010"/>
  <testcase classname="Testcases.HomeLoanTestcase" name="test2" time="0.005"/>
</testsuite> <!-- Testcases.HomeLoanTestcase -->
