<?xml version="1.0" encoding="UTF-8"?>
<!-- Generated by org.testng.reporters.JUnitReportReporter -->
<testsuite hostname="Vivek-Page" failures="0" tests="1" name="Testcases.CreditCardLoan" time="0.001" errors="0" timestamp="16 Apr 2023 04:53:38 GMT" skipped="0">
  <testcase classname="Testcases.CreditCardLoan" name="test4" time="0.001"/>
</testsuite> <!-- Testcases.CreditCardLoan -->
