<?xml version="1.0" encoding="UTF-8"?>
<!-- Generated by org.testng.reporters.JUnitReportReporter -->
<testsuite hostname="Vivek-Page" failures="0" tests="2" name="Testcases.HomeLoanTestcase" time="0.003" errors="0" timestamp="16 Apr 2023 04:53:38 GMT" skipped="0">
  <testcase classname="Testcases.HomeLoanTestcase" name="test2" time="0.002"/>
  <testcase classname="Testcases.HomeLoanTestcase" name="test1" time="0.001"/>
</testsuite> <!-- Testcases.HomeLoanTestcase -->
